==============================================================
File generated by Vivado(TM) HLS - High-Level Synthesis from C, C++ and SystemC
Version: 2017.2
Copyright (C) 1986-2017 Xilinx, Inc. All Rights Reserved.

==============================================================

INFO: [SYN 201-201] Setting up clock 'default' with a period of 10ns.
INFO: [HLS 200-10] Setting target device to 'xc7z010clg400-1'
INFO: [HLS 200-10] Analyzing design file 'psos/psos.cpp' ... 
INFO: [HLS 200-10] Validating synthesis directives ...
INFO: [HLS 200-111] Finished Checking Pragmas Time (s): cpu = 00:00:02 ; elapsed = 00:00:41 . Memory (MB): peak = 96.375 ; gain = 46.648
INFO: [HLS 200-111] Finished Linking Time (s): cpu = 00:00:02 ; elapsed = 00:01:22 . Memory (MB): peak = 96.375 ; gain = 46.648
INFO: [HLS 200-10] Starting code transformations ...
INFO: [XFORM 203-603] Inlining function 'psosc::ParticleSetup' into 'psosc::Setup' (psos/psos.cpp:26).
INFO: [XFORM 203-603] Inlining function 'psosc::RandomPosition' into 'psosc::Setup' (psos/psos.cpp:49->psos/psos.cpp:26).
INFO: [XFORM 203-603] Inlining function 'psosc::RandomPosition' into 'psosc::Setup' (psos/psos.cpp:50->psos/psos.cpp:26).
INFO: [XFORM 203-603] Inlining function 'psosc::RandomVelocity' into 'psosc::Setup' (psos/psos.cpp:55->psos/psos.cpp:26).
INFO: [XFORM 203-603] Inlining function 'psosc::RandomVelocity' into 'psosc::Setup' (psos/psos.cpp:56->psos/psos.cpp:26).
INFO: [XFORM 203-603] Inlining function 'psosc::Randval' into 'psosc::Setup' (psos/psos.cpp:64->psos/psos.cpp:49->psos/psos.cpp:26).
INFO: [XFORM 203-603] Inlining function 'psosc::Randval' into 'psosc::Setup' (psos/psos.cpp:64->psos/psos.cpp:50->psos/psos.cpp:26).
INFO: [XFORM 203-603] Inlining function 'psosc::Randval' into 'psosc::Setup' (psos/psos.cpp:68->psos/psos.cpp:55->psos/psos.cpp:26).
INFO: [XFORM 203-603] Inlining function 'psosc::Randval' into 'psosc::Setup' (psos/psos.cpp:68->psos/psos.cpp:56->psos/psos.cpp:26).
INFO: [HLS 200-111] Finished Standard Transforms Time (s): cpu = 00:00:22 ; elapsed = 00:02:00 . Memory (MB): peak = 1295.758 ; gain = 1246.031
INFO: [HLS 200-10] Checking synthesizability ...
INFO: [HLS 200-111] Finished Checking Synthesizability Time (s): cpu = 00:00:25 ; elapsed = 00:02:02 . Memory (MB): peak = 1295.758 ; gain = 1246.031
INFO: [XFORM 203-401] Performing if-conversion on hyperblock to (psos/psos.cpp:48:16) in function 'psosc::Setup'... converting 3 basic blocks.
INFO: [HLS 200-111] Finished Pre-synthesis Time (s): cpu = 00:00:28 ; elapsed = 00:02:05 . Memory (MB): peak = 1295.758 ; gain = 1246.031
INFO: [HLS 200-111] Finished Architecture Synthesis Time (s): cpu = 00:00:28 ; elapsed = 00:02:06 . Memory (MB): peak = 1295.758 ; gain = 1246.031
INFO: [HLS 200-10] Starting hardware synthesis ...
INFO: [SCA 200-201] Elaborating SystemC module 'psosc'.
INFO: [SCA 200-201] Performing SystemC synthesis linting.
INFO: [SCA 200-201] Analyzing ports and processes.
INFO: [SCA 200-201] Found the clock port of process 'psosc::Setup': 'clk'.
INFO: [SCA 200-201] Found the reset port of process 'psosc::Setup': 'reset'.
INFO: [SCA 200-201] Found the clock port of process 'psosc::Execute': 'clk'.
INFO: [SCA 200-201] Found the reset port of process 'psosc::Execute': 'reset'.
WARNING: [SCA 200-202] The reset block of process 'psosc::Setup' contains IO read operations (wire read on port 'start' (psos/psos.cpp:5)), which is not recommended.
WARNING: [SCA 200-202] The reset block of process 'psosc::Setup' contains IO read operations (wire read on port 'psosc_setupDone' (psos/psos.cpp:5)), which is not recommended.
WARNING: [SCA 200-202] SC_CTHREAD process 'psosc::Execute' has no reset block.
ERROR: [SCA 200-203] Found exit operation(s) (psos/psos.cpp:48->psos/psos.cpp:26) in the main loop of SC_CTHREAD 'psosc::Setup'.
command 'sc_get_modules' returned error code
SystemC analyzing failed
    while executing
"source C:/Git_Repositories/particle_swarm_optimization_embedded/hls/psos/psos/csynth.tcl"
    invoked from within
"hls::main C:/Git_Repositories/particle_swarm_optimization_embedded/hls/psos/psos/csynth.tcl"
    ("uplevel" body line 1)
    invoked from within
"uplevel 1 hls::main {*}$args"
    (procedure "hls_proc" line 5)
    invoked from within
"hls_proc $argv"
