INFO: [HLS 200-10] Running 'C:/Xilinx/Vivado_HLS/2017.2/bin/unwrapped/win64.o/vivado_hls.exe'
INFO: [HLS 200-10] For user 'black' on host 'desktop-q5f4ijt' (Windows NT_amd64 version 6.2) on Thu Dec 20 20:35:00 +0100 2018
INFO: [HLS 200-10] In directory 'C:/Git_Repositories/particle_swarm_optimization_embedded/hls'
INFO: [HLS 200-10] Opening project 'C:/Git_Repositories/particle_swarm_optimization_embedded/hls/particle'.
INFO: [HLS 200-10] Opening solution 'C:/Git_Repositories/particle_swarm_optimization_embedded/hls/particle/particle'.
INFO: [SYN 201-201] Setting up clock 'default' with a period of 10ns.
INFO: [HLS 200-10] Setting target device to 'xc7z010clg400-1'
INFO: [SIM 211-2] *************** CSIM start ***************
INFO: [SIM 211-4] CSIM will launch GCC as the compiler.
   Compiling ../../../main.cpp in debug mode
   Compiling ../../../Particles.cpp in debug mode
   Compiling ../../../ParticleMaster.cpp in debug mode
   Generating csim.exe

             SystemC 2.3.0-ASI --- Jul  4 2013 11:46:47
        Copyright (c) 1996-2012 by all Contributors,
        ALL RIGHTS RESERVED

INFO: Simulating
Test passed !
INFO: [SIM 211-1] CSim done with 0 errors.
INFO: [SIM 211-3] *************** CSIM finish ***************
