11:38:29 INFO  : Registering command handlers for SDK TCF services
11:38:30 INFO  : Launching XSCT server: xsct.bat -interactive C:\Users\Entvex\lab1\lab1.sdk\temp_xsdb_launch_script.tcl
11:38:35 INFO  : XSCT server has started successfully.
11:38:45 INFO  : Successfully done setting XSCT server connection channel  
11:38:45 INFO  : Successfully done setting SDK workspace  
11:38:45 INFO  : Processing command line option -hwspec C:/Users/Entvex/lab1/lab1.sdk/system_wrapper.hdf.
11:55:20 INFO  : Connected to target on host '127.0.0.1' and port '3121'.
11:55:20 INFO  : 'targets -set -filter {jtag_cable_name =~ "Digilent Zybo 210279655982A" && level==0} -index 1' command is executed.
11:55:22 INFO  : FPGA configured successfully with bitstream "C:/Users/Entvex/lab1/lab1.sdk/system_wrapper_hw_platform_0/system_wrapper.bit"
11:56:01 INFO  : ps7_init is completed.
11:56:01 INFO  : ps7_post_config is completed.
11:56:01 INFO  : Processor reset is completed for ps7_cortexa9_0
11:59:01 INFO  : ps7_init is completed.
11:59:01 INFO  : ps7_post_config is completed.
11:59:01 INFO  : Processor reset is completed for ps7_cortexa9_0
12:35:48 ERROR : Unexpected error while parsing XMD response ?: com.google.gson.JsonSyntaxException: com.google.gson.stream.MalformedJsonException: invalid number or unquoted string near 
10:50:47 INFO  : Registering command handlers for SDK TCF services
10:50:47 INFO  : Launching XSCT server: xsct.bat -interactive C:\Users\Entvex\lab1\lab1.sdk\temp_xsdb_launch_script.tcl
10:50:49 INFO  : XSCT server has started successfully.
10:50:49 INFO  : Successfully done setting XSCT server connection channel  
10:50:49 INFO  : Processing command line option -hwspec C:/Users/Entvex/lab1/lab1.sdk/system_wrapper.hdf.
10:50:49 INFO  : Successfully done setting SDK workspace  
10:50:49 INFO  : Checking for hwspec changes in the project system_wrapper_hw_platform_0.
11:26:04 INFO  : Connected to target on host '127.0.0.1' and port '3121'.
11:26:06 INFO  : 'targets -set -filter {jtag_cable_name =~ "Digilent Zybo 210279A6A757A" && level==0} -index 1' command is executed.
11:26:07 INFO  : FPGA configured successfully with bitstream "C:/Users/Entvex/lab1/lab1.sdk/system_wrapper_hw_platform_0/system_wrapper.bit"
11:26:45 INFO  : ps7_init is completed.
11:26:45 INFO  : ps7_post_config is completed.
11:26:45 INFO  : Processor reset is completed for ps7_cortexa9_0
14:01:14 ERROR : Unexpected error while parsing XMD response ?: com.google.gson.JsonSyntaxException: com.google.gson.stream.MalformedJsonException: invalid number or unquoted string near 
13:47:44 INFO  : Registering command handlers for SDK TCF services
13:47:44 INFO  : Launching XSCT server: xsct.bat -interactive C:\Users\Entvex\lab1\lab1.sdk\temp_xsdb_launch_script.tcl
13:47:46 INFO  : XSCT server has started successfully.
13:47:46 INFO  : Successfully done setting XSCT server connection channel  
13:47:47 INFO  : Successfully done setting SDK workspace  
13:47:47 INFO  : Processing command line option -hwspec C:/Users/Entvex/lab1/lab1.sdk/system_wrapper.hdf.
13:47:47 INFO  : Checking for hwspec changes in the project system_wrapper_hw_platform_0.
14:08:06 ERROR : Checking FPGA configuration failed..Connection to Board Failed


    Unknown Error Occured
    Cable is not connected to the host

14:08:06 ERROR : Unexpected error while launching program.
com.xilinx.sdk.targetmanager.TMException: Connection to Board Failed


    Unknown Error Occured
    Cable is not connected to the host

	at com.xilinx.sdk.targetmanager.internal.TM.isFPGAConfigured(TM.java:374)
	at com.xilinx.sdk.debug.core.XilinxAppLaunchConfigurationDelegate.isFpgaConfigured(XilinxAppLaunchConfigurationDelegate.java:409)
	at com.xilinx.sdk.debug.core.XilinxAppLaunchConfigurationDelegate.launch(XilinxAppLaunchConfigurationDelegate.java:303)
	at com.xilinx.sdk.debug.ui.XilinxAppLaunchDelegateWrapper.launch(XilinxAppLaunchDelegateWrapper.java:31)
	at org.eclipse.debug.internal.core.LaunchConfiguration.launch(LaunchConfiguration.java:885)
	at org.eclipse.debug.internal.core.LaunchConfiguration.launch(LaunchConfiguration.java:739)
	at org.eclipse.debug.internal.ui.DebugUIPlugin.buildAndLaunch(DebugUIPlugin.java:1039)
	at org.eclipse.debug.internal.ui.DebugUIPlugin$8.run(DebugUIPlugin.java:1256)
	at org.eclipse.core.internal.jobs.Worker.run(Worker.java:55)
14:09:34 INFO  : ps7_init is completed.
14:09:34 INFO  : ps7_post_config is completed.
14:09:34 INFO  : Processor reset is completed for ps7_cortexa9_0
14:09:41 INFO  : Connected to target on host '127.0.0.1' and port '3121'.
14:09:41 INFO  : 'targets -set -filter {jtag_cable_name =~ "Digilent Zybo 210279A6A757A" && level==0} -index 1' command is executed.
14:09:43 INFO  : FPGA configured successfully with bitstream "C:/Users/Entvex/lab1/lab1.sdk/system_wrapper_hw_platform_0/system_wrapper.bit"
14:10:54 INFO  : Processor reset is completed for ps7_cortexa9_0
14:12:11 INFO  : Processor reset is completed for ps7_cortexa9_0
14:13:23 INFO  : Processor reset is completed for ps7_cortexa9_0
14:14:57 INFO  : Processor reset is completed for ps7_cortexa9_0
15:07:55 ERROR : Unexpected error while parsing XMD response ?: com.google.gson.JsonSyntaxException: com.google.gson.stream.MalformedJsonException: invalid number or unquoted string near 
