

================================================================
== Vivado HLS Report for 'particlemaster_Setup'
================================================================
* Date:           Thu Dec 20 12:59:32 2018

* Version:        2017.2 (Build 1909853 on Thu Jun 15 18:55:24 MDT 2017)
* Project:        particle
* Solution:       particle
* Product family: zynq
* Target device:  xc7z010clg400-1


================================================================
== Performance Estimates
================================================================
+ Timing (ns): 
    * Summary: 
    +--------+-------+----------+------------+
    |  Clock | Target| Estimated| Uncertainty|
    +--------+-------+----------+------------+
    |ap_clk  |  10.00|      3.66|        1.25|
    +--------+-------+----------+------------+

+ Latency (clock cycles): 
    * Summary: 
    +-----+-----+-----+-----+---------+
    |  Latency  |  Interval | Pipeline|
    | min | max | min | max |   Type  |
    +-----+-----+-----+-----+---------+
    |    7|    7|    7|    7|   none  |
    +-----+-----+-----+-----+---------+

    + Detail: 
        * Instance: 
        N/A

        * Loop: 
        +----------+-----+-----+----------+-----------+-----------+------+----------+
        |          |  Latency  | Iteration|  Initiation Interval  | Trip |          |
        | Loop Name| min | max |  Latency |  achieved |   target  | Count| Pipelined|
        +----------+-----+-----+----------+-----------+-----------+------+----------+
        |- Loop 1  |    6|    6|         6|          -|          -|  inf |    no    |
        +----------+-----+-----+----------+-----------+-----------+------+----------+



================================================================
== Utilization Estimates
================================================================
* Summary: 
+-----------------+---------+-------+-------+-------+
|       Name      | BRAM_18K| DSP48E|   FF  |  LUT  |
+-----------------+---------+-------+-------+-------+
|DSP              |        -|      -|      -|      -|
|Expression       |        -|      -|      0|      2|
|FIFO             |        -|      -|      -|      -|
|Instance         |        -|      -|      -|      -|
|Memory           |        -|      -|      -|      -|
|Multiplexer      |        -|      -|      -|     70|
|Register         |        -|      -|      8|      -|
+-----------------+---------+-------+-------+-------+
|Total            |        0|      0|      8|     72|
+-----------------+---------+-------+-------+-------+
|Available        |      120|     80|  35200|  17600|
+-----------------+---------+-------+-------+-------+
|Utilization (%)  |        0|      0|   ~0  |   ~0  |
+-----------------+---------+-------+-------+-------+

+ Detail: 
    * Instance: 
    N/A

    * DSP48: 
    N/A

    * Memory: 
    N/A

    * FIFO: 
    N/A

    * Expression: 
    +------------------+----------+-------+---+----+------------+------------+
    |   Variable Name  | Operation| DSP48E| FF| LUT| Bitwidth P0| Bitwidth P1|
    +------------------+----------+-------+---+----+------------+------------+
    |phitmp_fu_348_p2  |    xor   |      0|  0|   2|           1|           2|
    +------------------+----------+-------+---+----+------------+------------+
    |Total             |          |      0|  0|   2|           1|           2|
    +------------------+----------+-------+---+----+------------+------------+

    * Multiplexer: 
    +---------------------+----+-----------+-----+-----------+
    |         Name        | LUT| Input Size| Bits| Total Bits|
    +---------------------+----+-----------+-----+-----------+
    |ap_NS_fsm            |  40|          7|    1|          7|
    |setup                |  15|          3|    1|          3|
    |tmp_s_phi_fu_341_p4  |  15|          3|    1|          3|
    +---------------------+----+-----------+-----+-----------+
    |Total                |  70|         13|    3|         13|
    +---------------------+----+-----------+-----+-----------+

    * Register: 
    +------------------+---+----+-----+-----------+
    |       Name       | FF| LUT| Bits| Const Bits|
    +------------------+---+----+-----+-----------+
    |ap_CS_fsm         |  7|   0|    7|          0|
    |tmp_3118_reg_364  |  1|   0|    1|          0|
    +------------------+---+----+-----+-----------+
    |Total             |  8|   0|    8|          0|
    +------------------+---+----+-----+-----------+



================================================================
== Interface
================================================================
* Summary: 
+-----------------------------------+-----+-----+------------+---------------------------+--------------+
|             RTL Ports             | Dir | Bits|  Protocol  |       Source Object       |    C Type    |
+-----------------------------------+-----+-----+------------+---------------------------+--------------+
|ap_clk                             |  in |    1| ap_ctrl_hs |   particlemaster::Setup   | return value |
|ap_rst                             |  in |    1| ap_ctrl_hs |   particlemaster::Setup   | return value |
|start                              |  in |    1|   ap_none  |           start           |    pointer   |
|maximum                            | out |    1|   ap_vld   |          maximum          |    pointer   |
|maximum_ap_vld                     | out |    1|   ap_vld   |          maximum          |    pointer   |
|setup                              | out |    1|   ap_vld   |           setup           |    pointer   |
|setup_ap_vld                       | out |    1|   ap_vld   |           setup           |    pointer   |
|negativeFormula                    |  in |    1|   ap_none  |      negativeFormula      |    pointer   |
|c1                                 |  in |   32|   ap_none  |             c1            |    pointer   |
|c2                                 |  in |   32|   ap_none  |             c2            |    pointer   |
|cognitive                          | out |   32|   ap_vld   |         cognitive         |    pointer   |
|cognitive_ap_vld                   | out |    1|   ap_vld   |         cognitive         |    pointer   |
|social                             | out |   32|   ap_vld   |           social          |    pointer   |
|social_ap_vld                      | out |    1|   ap_vld   |           social          |    pointer   |
|particlemaster_setupDone_i         |  in |    1|   ap_ovld  |  particlemaster_setupDone |    pointer   |
|particlemaster_setupDone_o         | out |    1|   ap_ovld  |  particlemaster_setupDone |    pointer   |
|particlemaster_setupDone_o_ap_vld  | out |    1|   ap_ovld  |  particlemaster_setupDone |    pointer   |
|particlemaster_negFormula          | out |    1|   ap_vld   | particlemaster_negFormula |    pointer   |
|particlemaster_negFormula_ap_vld   | out |    1|   ap_vld   | particlemaster_negFormula |    pointer   |
|particlemaster_iterations          | out |   32|   ap_vld   | particlemaster_iterations |    pointer   |
|particlemaster_iterations_ap_vld   | out |    1|   ap_vld   | particlemaster_iterations |    pointer   |
+-----------------------------------+-----+-----+------------+---------------------------+--------------+

