11:42:55 INFO  : Registering command handlers for SDK TCF services
11:42:56 INFO  : Launching XSCT server: xsct.bat -interactive C:\XilinxProjects\lab1\lab1.sdk\temp_xsdb_launch_script.tcl
11:42:58 INFO  : XSCT server has started successfully.
11:42:58 INFO  : Successfully done setting XSCT server connection channel  
11:43:05 INFO  : Successfully done setting SDK workspace  
11:43:05 INFO  : Processing command line option -hwspec C:/XilinxProjects/lab1/lab1.sdk/system_wrapper.hdf.
11:50:00 INFO  : Connected to target on host '127.0.0.1' and port '3121'.
11:50:03 INFO  : 'targets -set -filter {jtag_cable_name =~ "Digilent Zybo 210279A6A532A" && level==0} -index 1' command is executed.
11:50:04 INFO  : FPGA configured successfully with bitstream "C:/XilinxProjects/lab1/lab1.sdk/system_wrapper_hw_platform_0/system_wrapper.bit"
11:50:51 INFO  : ps7_init is completed.
11:50:52 INFO  : ps7_post_config is completed.
11:50:52 INFO  : Processor reset is completed for ps7_cortexa9_0
11:50:52 ERROR : Port COM5 is already in use.
11:51:08 INFO  : Processor reset is completed for ps7_cortexa9_0
11:56:59 INFO  : Processor reset is completed for ps7_cortexa9_0
12:07:40 INFO  : Processor reset is completed for ps7_cortexa9_0
12:08:11 INFO  : Processor reset is completed for ps7_cortexa9_0
12:10:00 ERROR : Unexpected error while parsing XMD response ?: com.google.gson.JsonSyntaxException: com.google.gson.stream.MalformedJsonException: invalid number or unquoted string near 
12:11:01 INFO  : Registering command handlers for SDK TCF services
12:11:01 INFO  : Launching XSCT server: xsct.bat -interactive C:\XilinxProjects\lab1\lab1.sdk\temp_xsdb_launch_script.tcl
12:11:03 INFO  : XSCT server has started successfully.
12:11:03 INFO  : Successfully done setting XSCT server connection channel  
12:11:09 INFO  : Successfully done setting SDK workspace  
10:30:33 ERROR : Checking FPGA configuration failed..Connection to Board Failed


    Unknown Error Occured
    Cable is not connected to the host

10:30:33 ERROR : Unexpected error while launching program.
com.xilinx.sdk.targetmanager.TMException: Connection to Board Failed


    Unknown Error Occured
    Cable is not connected to the host

	at com.xilinx.sdk.targetmanager.internal.TM.isFPGAConfigured(TM.java:374)
	at com.xilinx.sdk.debug.core.XilinxAppLaunchConfigurationDelegate.isFpgaConfigured(XilinxAppLaunchConfigurationDelegate.java:409)
	at com.xilinx.sdk.debug.core.XilinxAppLaunchConfigurationDelegate.launch(XilinxAppLaunchConfigurationDelegate.java:303)
	at com.xilinx.sdk.debug.ui.XilinxAppLaunchDelegateWrapper.launch(XilinxAppLaunchDelegateWrapper.java:31)
	at org.eclipse.debug.internal.core.LaunchConfiguration.launch(LaunchConfiguration.java:885)
	at org.eclipse.debug.internal.core.LaunchConfiguration.launch(LaunchConfiguration.java:739)
	at org.eclipse.debug.internal.ui.DebugUIPlugin.buildAndLaunch(DebugUIPlugin.java:1039)
	at org.eclipse.debug.internal.ui.DebugUIPlugin$8.run(DebugUIPlugin.java:1256)
	at org.eclipse.core.internal.jobs.Worker.run(Worker.java:55)
10:31:06 INFO  : Connected to target on host '127.0.0.1' and port '3121'.
10:31:07 INFO  : 'targets -set -filter {jtag_cable_name =~ "Digilent Zybo 210279A6A532A" && level==0} -index 1' command is executed.
10:31:08 INFO  : FPGA configured successfully with bitstream "C:/XilinxProjects/lab1/lab1.sdk/system_wrapper_hw_platform_0/system_wrapper.bit"
10:31:25 INFO  : ps7_init is completed.
10:31:25 INFO  : ps7_post_config is completed.
10:31:25 INFO  : Processor reset is completed for ps7_cortexa9_0
10:32:32 INFO  : Connected to target on host '127.0.0.1' and port '3121'.
10:32:32 INFO  : 'targets -set -filter {jtag_cable_name =~ "Digilent Zybo 210279A6A532A" && level==0} -index 1' command is executed.
10:32:34 INFO  : FPGA configured successfully with bitstream "C:/XilinxProjects/lab1/lab1.sdk/system_wrapper_hw_platform_0/system_wrapper.bit"
10:33:11 INFO  : ps7_init is completed.
10:33:11 INFO  : ps7_post_config is completed.
10:33:11 INFO  : Processor reset is completed for ps7_cortexa9_0
14:21:18 ERROR : Unexpected error while parsing XMD response ?: com.google.gson.JsonSyntaxException: com.google.gson.stream.MalformedJsonException: invalid number or unquoted string near 
11:03:08 INFO  : Registering command handlers for SDK TCF services
11:03:09 INFO  : Launching XSCT server: xsct.bat -interactive C:\XilinxProjects\lab1\lab1.sdk\temp_xsdb_launch_script.tcl
11:03:14 INFO  : XSCT server has started successfully.
11:03:23 INFO  : Successfully done setting XSCT server connection channel  
11:03:23 INFO  : Successfully done setting SDK workspace  
11:35:28 INFO  : 'targets -set -filter {jtag_cable_name =~ "Digilent Zybo 210279A6A532A" && level==0} -index 1' command is executed.
11:35:28 INFO  : 'fpga -state' command is executed.
11:36:01 INFO  : Connected to target on host '127.0.0.1' and port '3121'.
11:36:01 INFO  : Jtag cable 'Digilent Zybo 210279A6A532A' is selected.
11:36:01 INFO  : 'jtag frequency' command is executed.
11:36:01 INFO  : Sourcing of 'C:/XilinxProjects/lab1/lab1.sdk/system_wrapper_hw_platform_0/ps7_init.tcl' is done.
11:36:01 INFO  : Context for 'APU' is selected.
11:36:01 INFO  : Hardware design information is loaded from 'C:/XilinxProjects/lab1/lab1.sdk/system_wrapper_hw_platform_0/system.hdf'.
11:36:01 INFO  : 'configparams force-mem-access 1' command is executed.
11:36:01 INFO  : Context for 'APU' is selected.
11:36:01 INFO  : 'stop' command is executed.
11:36:02 INFO  : 'ps7_init' command is executed.
11:36:02 INFO  : 'ps7_post_config' command is executed.
11:36:02 INFO  : Context for processor 'ps7_cortexa9_0' is selected.
11:36:02 INFO  : Processor reset is completed for 'ps7_cortexa9_0'.
11:36:02 INFO  : Context for processor 'ps7_cortexa9_0' is selected.
11:36:04 INFO  : The application 'C:/XilinxProjects/lab1/lab1.sdk/CppTestRtos/Debug/CppTestRtos.elf' is downloaded to processor 'ps7_cortexa9_0'.
11:36:04 INFO  : 'configparams force-mem-access 0' command is executed.
11:36:04 INFO  : ----------------XSDB Script----------------
connect -url tcp:127.0.0.1:3121
source C:/XilinxProjects/lab1/lab1.sdk/system_wrapper_hw_platform_0/ps7_init.tcl
targets -set -nocase -filter {name =~"APU*" && jtag_cable_name =~ "Digilent Zybo 210279A6A532A"} -index 0
loadhw -hw C:/XilinxProjects/lab1/lab1.sdk/system_wrapper_hw_platform_0/system.hdf -mem-ranges [list {0x40000000 0xbfffffff}]
configparams force-mem-access 1
targets -set -nocase -filter {name =~"APU*" && jtag_cable_name =~ "Digilent Zybo 210279A6A532A"} -index 0
stop
ps7_init
ps7_post_config
targets -set -nocase -filter {name =~ "ARM*#0" && jtag_cable_name =~ "Digilent Zybo 210279A6A532A"} -index 0
rst -processor
targets -set -nocase -filter {name =~ "ARM*#0" && jtag_cable_name =~ "Digilent Zybo 210279A6A532A"} -index 0
dow C:/XilinxProjects/lab1/lab1.sdk/CppTestRtos/Debug/CppTestRtos.elf
configparams force-mem-access 0
----------------End of Script----------------

11:36:04 INFO  : Memory regions updated for context APU
11:36:04 INFO  : Context for processor 'ps7_cortexa9_0' is selected.
11:36:04 INFO  : 'con' command is executed.
11:36:04 INFO  : ----------------XSDB Script (After Launch)----------------
targets -set -nocase -filter {name =~ "ARM*#0" && jtag_cable_name =~ "Digilent Zybo 210279A6A532A"} -index 0
con
----------------End of Script----------------

11:36:04 INFO  : Launch script is exported to file 'C:\XilinxProjects\lab1\lab1.sdk\.sdk\launch_scripts\xilinx_c-c++_application_(system_debugger)\system_debugger_using_debug_cpptestrtos.elf_on_local.tcl'
11:37:20 INFO  : Disconnected from the channel tcfchan#1.
11:37:21 INFO  : 'targets -set -filter {jtag_cable_name =~ "Digilent Zybo 210279A6A532A" && level==0} -index 1' command is executed.
11:37:21 INFO  : 'fpga -state' command is executed.
11:37:34 INFO  : Connected to target on host '127.0.0.1' and port '3121'.
11:37:35 INFO  : Jtag cable 'Digilent Zybo 210279A6A532A' is selected.
11:37:35 INFO  : 'jtag frequency' command is executed.
11:37:35 INFO  : Sourcing of 'C:/XilinxProjects/lab1/lab1.sdk/system_wrapper_hw_platform_0/ps7_init.tcl' is done.
11:37:35 INFO  : Context for 'APU' is selected.
11:37:37 INFO  : Hardware design information is loaded from 'C:/XilinxProjects/lab1/lab1.sdk/system_wrapper_hw_platform_0/system.hdf'.
11:37:37 INFO  : 'configparams force-mem-access 1' command is executed.
11:37:37 INFO  : Context for 'APU' is selected.
11:37:37 INFO  : 'stop' command is executed.
11:37:37 INFO  : 'ps7_init' command is executed.
11:37:37 INFO  : 'ps7_post_config' command is executed.
11:37:37 INFO  : Context for processor 'ps7_cortexa9_0' is selected.
11:37:37 INFO  : Processor reset is completed for 'ps7_cortexa9_0'.
11:37:37 INFO  : Context for processor 'ps7_cortexa9_0' is selected.
11:37:39 INFO  : The application 'C:/XilinxProjects/lab1/lab1.sdk/CppTestRtos/Debug/CppTestRtos.elf' is downloaded to processor 'ps7_cortexa9_0'.
11:37:39 INFO  : 'configparams force-mem-access 0' command is executed.
11:37:39 INFO  : ----------------XSDB Script----------------
connect -url tcp:127.0.0.1:3121
source C:/XilinxProjects/lab1/lab1.sdk/system_wrapper_hw_platform_0/ps7_init.tcl
targets -set -nocase -filter {name =~"APU*" && jtag_cable_name =~ "Digilent Zybo 210279A6A532A"} -index 0
loadhw -hw C:/XilinxProjects/lab1/lab1.sdk/system_wrapper_hw_platform_0/system.hdf -mem-ranges [list {0x40000000 0xbfffffff}]
configparams force-mem-access 1
targets -set -nocase -filter {name =~"APU*" && jtag_cable_name =~ "Digilent Zybo 210279A6A532A"} -index 0
stop
ps7_init
ps7_post_config
targets -set -nocase -filter {name =~ "ARM*#0" && jtag_cable_name =~ "Digilent Zybo 210279A6A532A"} -index 0
rst -processor
targets -set -nocase -filter {name =~ "ARM*#0" && jtag_cable_name =~ "Digilent Zybo 210279A6A532A"} -index 0
dow C:/XilinxProjects/lab1/lab1.sdk/CppTestRtos/Debug/CppTestRtos.elf
configparams force-mem-access 0
----------------End of Script----------------

11:37:39 INFO  : Memory regions updated for context APU
11:37:39 INFO  : Context for processor 'ps7_cortexa9_0' is selected.
11:37:39 INFO  : 'con' command is executed.
11:37:39 INFO  : ----------------XSDB Script (After Launch)----------------
targets -set -nocase -filter {name =~ "ARM*#0" && jtag_cable_name =~ "Digilent Zybo 210279A6A532A"} -index 0
con
----------------End of Script----------------

11:37:39 INFO  : Launch script is exported to file 'C:\XilinxProjects\lab1\lab1.sdk\.sdk\launch_scripts\xilinx_c-c++_application_(system_debugger)\system_debugger_using_debug_cpptestrtos.elf_on_local.tcl'
20:23:44 INFO  : Disconnected from the channel tcfchan#2.
19:05:10 INFO  : Launching XSCT server: xsct.bat -interactive C:\Users\Entvex\Desktop\Assignment3_HW\lab1\lab1.sdk\temp_xsdb_launch_script.tcl
19:05:22 INFO  : XSCT server has started successfully.
19:05:22 INFO  : Successfully done setting XSCT server connection channel  
19:05:31 INFO  : Successfully done setting SDK workspace  
19:05:39 INFO  : Registering command handlers for SDK TCF services
19:06:01 INFO  : Processing command line option -hwspec C:/Users/Entvex/Desktop/Assignment3_HW/lab1/lab1.sdk/system_wrapper.hdf.
09:29:08 INFO  : Registering command handlers for SDK TCF services
09:29:09 INFO  : Launching XSCT server: xsct.bat -interactive D:\git\particle_swarm_optimization_embedded\Assignment4_HW\lab1\lab1.sdk\temp_xsdb_launch_script.tcl
09:29:14 INFO  : XSCT server has started successfully.
09:29:14 INFO  : Successfully done setting XSCT server connection channel  
09:29:51 INFO  : Successfully done setting SDK workspace  
09:29:51 INFO  : Processing command line option -hwspec D:/git/particle_swarm_optimization_embedded/Assignment4_HW/lab1/lab1.sdk/system_wrapper.hdf.
11:06:12 INFO  : Connected to target on host '127.0.0.1' and port '3121'.
11:06:12 INFO  : 'targets -set -filter {jtag_cable_name =~ "Digilent Zybo 210279655982A" && level==0} -index 1' command is executed.
11:06:14 INFO  : FPGA configured successfully with bitstream "D:/git/particle_swarm_optimization_embedded/Assignment4_HW/lab1/lab1.sdk/system_wrapper_hw_platform_0/system_wrapper.bit"
11:06:25 INFO  : 'targets -set -filter {jtag_cable_name =~ "Digilent Zybo 210279655982A" && level==0} -index 1' command is executed.
11:06:25 INFO  : 'fpga -state' command is executed.
11:06:25 INFO  : Connected to target on host '127.0.0.1' and port '3121'.
11:06:25 INFO  : Jtag cable 'Digilent Zybo 210279655982A' is selected.
11:06:26 INFO  : 'jtag frequency' command is executed.
11:06:26 INFO  : Sourcing of 'D:/git/particle_swarm_optimization_embedded/Assignment4_HW/lab1/lab1.sdk/system_wrapper_hw_platform_0/ps7_init.tcl' is done.
11:06:26 INFO  : Context for 'APU' is selected.
11:06:26 INFO  : Hardware design information is loaded from 'D:/git/particle_swarm_optimization_embedded/Assignment4_HW/lab1/lab1.sdk/system_wrapper_hw_platform_0/system.hdf'.
11:06:26 INFO  : 'configparams force-mem-access 1' command is executed.
11:06:26 INFO  : Context for 'APU' is selected.
11:06:26 INFO  : 'stop' command is executed.
11:06:26 INFO  : 'ps7_init' command is executed.
11:06:26 INFO  : 'ps7_post_config' command is executed.
11:06:26 INFO  : Context for processor 'ps7_cortexa9_0' is selected.
11:06:26 INFO  : Processor reset is completed for 'ps7_cortexa9_0'.
11:06:26 INFO  : Context for processor 'ps7_cortexa9_0' is selected.
11:06:28 INFO  : The application 'D:/git/particle_swarm_optimization_embedded/Assignment4_HW/lab1/lab1.sdk/CppTestRtos/Debug/CppTestRtos.elf' is downloaded to processor 'ps7_cortexa9_0'.
11:06:28 INFO  : 'configparams force-mem-access 0' command is executed.
11:06:28 INFO  : ----------------XSDB Script----------------
connect -url tcp:127.0.0.1:3121
source D:/git/particle_swarm_optimization_embedded/Assignment4_HW/lab1/lab1.sdk/system_wrapper_hw_platform_0/ps7_init.tcl
targets -set -nocase -filter {name =~"APU*" && jtag_cable_name =~ "Digilent Zybo 210279655982A"} -index 0
loadhw -hw D:/git/particle_swarm_optimization_embedded/Assignment4_HW/lab1/lab1.sdk/system_wrapper_hw_platform_0/system.hdf -mem-ranges [list {0x40000000 0xbfffffff}]
configparams force-mem-access 1
targets -set -nocase -filter {name =~"APU*" && jtag_cable_name =~ "Digilent Zybo 210279655982A"} -index 0
stop
ps7_init
ps7_post_config
targets -set -nocase -filter {name =~ "ARM*#0" && jtag_cable_name =~ "Digilent Zybo 210279655982A"} -index 0
rst -processor
targets -set -nocase -filter {name =~ "ARM*#0" && jtag_cable_name =~ "Digilent Zybo 210279655982A"} -index 0
dow D:/git/particle_swarm_optimization_embedded/Assignment4_HW/lab1/lab1.sdk/CppTestRtos/Debug/CppTestRtos.elf
configparams force-mem-access 0
----------------End of Script----------------

11:06:28 INFO  : Memory regions updated for context APU
11:06:28 INFO  : Context for processor 'ps7_cortexa9_0' is selected.
11:06:28 INFO  : 'con' command is executed.
11:06:28 INFO  : ----------------XSDB Script (After Launch)----------------
targets -set -nocase -filter {name =~ "ARM*#0" && jtag_cable_name =~ "Digilent Zybo 210279655982A"} -index 0
con
----------------End of Script----------------

11:06:28 INFO  : Launch script is exported to file 'D:\git\particle_swarm_optimization_embedded\Assignment4_HW\lab1\lab1.sdk\.sdk\launch_scripts\xilinx_c-c++_application_(system_debugger)\system_debugger_using_debug_cpptestrtos.elf_on_local.tcl'
11:07:04 INFO  : Disconnected from the channel tcfchan#1.
09:22:29 INFO  : Registering command handlers for SDK TCF services
09:22:30 INFO  : Launching XSCT server: xsct.bat -interactive D:\git\particle_swarm_optimization_embedded\Assignment4_HW\lab1\lab1.sdk\temp_xsdb_launch_script.tcl
09:22:38 INFO  : XSCT server has started successfully.
09:22:38 INFO  : Successfully done setting XSCT server connection channel  
09:23:20 INFO  : Successfully done setting SDK workspace  
09:23:21 INFO  : Processing command line option -hwspec D:/git/particle_swarm_optimization_embedded/Assignment4_HW/lab1/lab1.sdk/system_wrapper.hdf.
09:23:21 INFO  : Checking for hwspec changes in the project system_wrapper_hw_platform_2.
09:45:02 INFO  : Connected to target on host '127.0.0.1' and port '3121'.
09:45:40 INFO  : Connected to target on host '127.0.0.1' and port '3121'.
09:45:41 INFO  : 'targets -set -filter {jtag_cable_name =~ "Digilent Zybo 210279655982A" && level==0} -index 1' command is executed.
09:45:42 INFO  : FPGA configured successfully with bitstream "D:/git/particle_swarm_optimization_embedded/Assignment4_HW/lab1/lab1.sdk/system_wrapper_hw_platform_0/system_wrapper.bit"
14:44:25 INFO  : Connected to target on host '127.0.0.1' and port '3121'.
14:44:25 INFO  : 'targets -set -filter {jtag_cable_name =~ "Digilent Zybo 210279655982A" && level==0} -index 1' command is executed.
14:44:26 INFO  : FPGA configured successfully with bitstream "D:/git/particle_swarm_optimization_embedded/Assignment4_HW/lab1/lab1.sdk/system_wrapper_hw_platform_0/system_wrapper.bit"
14:45:14 INFO  : ps7_init is completed.
14:45:14 INFO  : ps7_post_config is completed.
14:45:14 INFO  : Processor reset is completed for ps7_cortexa9_0
14:46:41 ERROR : Unexpected error while parsing XMD response ?: com.google.gson.JsonSyntaxException: com.google.gson.stream.MalformedJsonException: invalid number or unquoted string near 
08:23:54 INFO  : Registering command handlers for SDK TCF services
08:23:56 INFO  : Launching XSCT server: xsct.bat -interactive D:\git\particle_swarm_optimization_embedded\Assignment4_HW\lab1\lab1.sdk\temp_xsdb_launch_script.tcl
08:24:02 INFO  : XSCT server has started successfully.
08:24:11 INFO  : Successfully done setting XSCT server connection channel  
08:24:11 INFO  : Successfully done setting SDK workspace  
08:24:11 INFO  : Processing command line option -hwspec D:/git/particle_swarm_optimization_embedded/Assignment4_HW/lab1/lab1.sdk/system_wrapper.hdf.
08:24:11 INFO  : Checking for hwspec changes in the project system_wrapper_hw_platform_2.
08:37:13 INFO  : Connected to target on host '127.0.0.1' and port '3121'.
08:37:16 INFO  : 'targets -set -filter {jtag_cable_name =~ "Digilent Zybo 210279655982A" && level==0} -index 1' command is executed.
08:37:17 INFO  : FPGA configured successfully with bitstream "D:/git/particle_swarm_optimization_embedded/Assignment4_HW/lab1/lab1.sdk/system_wrapper_hw_platform_0/system_wrapper.bit"
08:37:49 INFO  : ps7_init is completed.
08:37:49 INFO  : ps7_post_config is completed.
08:37:49 INFO  : Processor reset is completed for ps7_cortexa9_0
08:39:39 INFO  : Connected to target on host '127.0.0.1' and port '3121'.
08:39:39 INFO  : 'targets -set -filter {jtag_cable_name =~ "Digilent Zybo 210279655982A" && level==0} -index 1' command is executed.
08:39:40 INFO  : FPGA configured successfully with bitstream "D:/git/particle_swarm_optimization_embedded/Assignment4_HW/lab1/lab1.sdk/system_wrapper_hw_platform_0/system_wrapper.bit"
08:40:04 INFO  : ps7_init is completed.
08:40:04 INFO  : ps7_post_config is completed.
08:40:04 INFO  : Processor reset is completed for ps7_cortexa9_0
08:44:31 INFO  : Processor reset is completed for ps7_cortexa9_0
08:46:47 INFO  : ps7_cortexa9_0 Processor is in use. Please stop existing Run or Debug sessions before launching.
08:46:50 INFO  : Processor reset is completed for ps7_cortexa9_0
08:49:54 INFO  : Processor reset is completed for ps7_cortexa9_0
08:52:53 INFO  : Processor reset is completed for ps7_cortexa9_0
08:53:24 INFO  : Connected to target on host '127.0.0.1' and port '3121'.
08:53:24 INFO  : 'targets -set -filter {jtag_cable_name =~ "Digilent Zybo 210279655982A" && level==0} -index 1' command is executed.
08:53:25 INFO  : FPGA configured successfully with bitstream "D:/git/particle_swarm_optimization_embedded/Assignment4_HW/lab1/lab1.sdk/system_wrapper_hw_platform_0/system_wrapper.bit"
08:53:33 INFO  : Processor reset is completed for ps7_cortexa9_0
08:55:07 INFO  : ps7_cortexa9_0 Processor is in use. Please stop existing Run or Debug sessions before launching.
08:55:09 INFO  : Processor reset is completed for ps7_cortexa9_0
08:55:38 INFO  : Connected to target on host '127.0.0.1' and port '3121'.
08:55:38 INFO  : 'targets -set -filter {jtag_cable_name =~ "Digilent Zybo 210279655982A" && level==0} -index 1' command is executed.
08:55:40 INFO  : FPGA configured successfully with bitstream "D:/git/particle_swarm_optimization_embedded/Assignment4_HW/lab1/lab1.sdk/system_wrapper_hw_platform_0/system_wrapper.bit"
08:55:48 INFO  : ps7_init is completed.
08:55:48 INFO  : ps7_post_config is completed.
08:55:48 INFO  : Processor reset is completed for ps7_cortexa9_0
09:02:05 INFO  : Connected to target on host '127.0.0.1' and port '3121'.
09:02:05 INFO  : 'targets -set -filter {jtag_cable_name =~ "Digilent Zybo 210279655982A" && level==0} -index 1' command is executed.
09:02:07 INFO  : FPGA configured successfully with bitstream "D:/git/particle_swarm_optimization_embedded/Assignment4_HW/lab1/lab1.sdk/system_wrapper_hw_platform_0/system_wrapper.bit"
09:02:17 INFO  : ps7_init is completed.
09:02:17 INFO  : ps7_post_config is completed.
09:02:17 INFO  : Processor reset is completed for ps7_cortexa9_0
09:04:49 INFO  : ps7_cortexa9_0 Processor is in use. Please stop existing Run or Debug sessions before launching.
09:04:52 INFO  : Processor reset is completed for ps7_cortexa9_0
09:06:12 INFO  : ps7_cortexa9_0 Processor is in use. Please stop existing Run or Debug sessions before launching.
09:06:14 INFO  : Processor reset is completed for ps7_cortexa9_0
09:07:13 INFO  : ps7_cortexa9_0 Processor is in use. Please stop existing Run or Debug sessions before launching.
09:07:15 INFO  : Processor reset is completed for ps7_cortexa9_0
09:10:47 INFO  : ps7_cortexa9_0 Processor is in use. Please stop existing Run or Debug sessions before launching.
09:10:49 INFO  : Processor reset is completed for ps7_cortexa9_0
09:12:59 INFO  : ps7_cortexa9_0 Processor is in use. Please stop existing Run or Debug sessions before launching.
09:13:01 INFO  : Processor reset is completed for ps7_cortexa9_0
09:15:49 INFO  : ps7_cortexa9_0 Processor is in use. Please stop existing Run or Debug sessions before launching.
09:15:51 INFO  : Processor reset is completed for ps7_cortexa9_0
09:17:13 INFO  : ps7_cortexa9_0 Processor is in use. Please stop existing Run or Debug sessions before launching.
09:17:15 INFO  : Processor reset is completed for ps7_cortexa9_0
09:23:29 INFO  : ps7_cortexa9_0 Processor is in use. Please stop existing Run or Debug sessions before launching.
09:23:31 INFO  : Processor reset is completed for ps7_cortexa9_0
09:27:14 INFO  : ps7_cortexa9_0 Processor is in use. Please stop existing Run or Debug sessions before launching.
09:27:15 INFO  : Processor reset is completed for ps7_cortexa9_0
09:28:32 INFO  : ps7_cortexa9_0 Processor is in use. Please stop existing Run or Debug sessions before launching.
09:28:34 INFO  : Processor reset is completed for ps7_cortexa9_0
09:32:17 INFO  : ps7_cortexa9_0 Processor is in use. Please stop existing Run or Debug sessions before launching.
09:32:19 INFO  : Processor reset is completed for ps7_cortexa9_0
09:33:48 INFO  : ps7_cortexa9_0 Processor is in use. Please stop existing Run or Debug sessions before launching.
09:33:50 INFO  : Processor reset is completed for ps7_cortexa9_0
09:34:14 INFO  : ps7_cortexa9_0 Processor is in use. Please stop existing Run or Debug sessions before launching.
09:34:16 INFO  : Processor reset is completed for ps7_cortexa9_0
09:39:50 INFO  : ps7_cortexa9_0 Processor is in use. Please stop existing Run or Debug sessions before launching.
09:39:52 INFO  : Processor reset is completed for ps7_cortexa9_0
09:41:17 INFO  : ps7_cortexa9_0 Processor is in use. Please stop existing Run or Debug sessions before launching.
09:41:19 INFO  : Processor reset is completed for ps7_cortexa9_0
09:43:04 INFO  : ps7_cortexa9_0 Processor is in use. Please stop existing Run or Debug sessions before launching.
09:43:06 INFO  : Processor reset is completed for ps7_cortexa9_0
09:43:25 INFO  : ps7_cortexa9_0 Processor is in use. Please stop existing Run or Debug sessions before launching.
09:43:26 INFO  : Processor reset is completed for ps7_cortexa9_0
09:44:23 INFO  : ps7_cortexa9_0 Processor is in use. Please stop existing Run or Debug sessions before launching.
09:44:24 INFO  : Processor reset is completed for ps7_cortexa9_0
09:45:23 INFO  : ps7_cortexa9_0 Processor is in use. Please stop existing Run or Debug sessions before launching.
09:45:24 INFO  : Processor reset is completed for ps7_cortexa9_0
09:45:45 INFO  : ps7_cortexa9_0 Processor is in use. Please stop existing Run or Debug sessions before launching.
09:45:47 INFO  : Processor reset is completed for ps7_cortexa9_0
09:55:10 INFO  : ps7_cortexa9_0 Processor is in use. Please stop existing Run or Debug sessions before launching.
09:55:12 INFO  : Processor reset is completed for ps7_cortexa9_0
09:57:01 INFO  : ps7_cortexa9_0 Processor is in use. Please stop existing Run or Debug sessions before launching.
09:57:02 INFO  : Processor reset is completed for ps7_cortexa9_0
09:57:31 INFO  : ps7_cortexa9_0 Processor is in use. Please stop existing Run or Debug sessions before launching.
09:57:32 INFO  : Processor reset is completed for ps7_cortexa9_0
09:58:17 INFO  : ps7_cortexa9_0 Processor is in use. Please stop existing Run or Debug sessions before launching.
09:58:18 INFO  : Processor reset is completed for ps7_cortexa9_0
09:58:50 INFO  : ps7_cortexa9_0 Processor is in use. Please stop existing Run or Debug sessions before launching.
09:58:52 INFO  : Processor reset is completed for ps7_cortexa9_0
09:59:14 INFO  : ps7_cortexa9_0 Processor is in use. Please stop existing Run or Debug sessions before launching.
09:59:15 INFO  : Processor reset is completed for ps7_cortexa9_0
10:01:03 INFO  : ps7_cortexa9_0 Processor is in use. Please stop existing Run or Debug sessions before launching.
10:01:05 INFO  : Processor reset is completed for ps7_cortexa9_0
10:04:34 INFO  : ps7_cortexa9_0 Processor is in use. Please stop existing Run or Debug sessions before launching.
10:04:36 INFO  : Processor reset is completed for ps7_cortexa9_0
10:07:18 INFO  : ps7_cortexa9_0 Processor is in use. Please stop existing Run or Debug sessions before launching.
10:07:20 INFO  : Processor reset is completed for ps7_cortexa9_0
10:22:28 INFO  : ps7_cortexa9_0 Processor is in use. Please stop existing Run or Debug sessions before launching.
10:22:29 INFO  : Processor reset is completed for ps7_cortexa9_0
10:25:38 INFO  : ps7_cortexa9_0 Processor is in use. Please stop existing Run or Debug sessions before launching.
10:25:40 INFO  : Processor reset is completed for ps7_cortexa9_0
10:28:43 INFO  : ps7_cortexa9_0 Processor is in use. Please stop existing Run or Debug sessions before launching.
10:28:45 INFO  : Processor reset is completed for ps7_cortexa9_0
10:46:25 INFO  : Connected to target on host '127.0.0.1' and port '3121'.
10:46:25 INFO  : 'targets -set -filter {jtag_cable_name =~ "Digilent Zybo 210279655982A" && level==0} -index 1' command is executed.
10:46:26 INFO  : FPGA configured successfully with bitstream "D:/git/particle_swarm_optimization_embedded/Assignment4_HW/lab1/lab1.sdk/system_wrapper_hw_platform_0/system_wrapper.bit"
10:46:39 INFO  : ps7_init is completed.
10:46:39 INFO  : ps7_post_config is completed.
10:46:39 INFO  : Processor reset is completed for ps7_cortexa9_0
10:47:30 INFO  : ps7_cortexa9_0 Processor is in use. Please stop existing Run or Debug sessions before launching.
10:47:32 INFO  : Processor reset is completed for ps7_cortexa9_0
10:49:25 INFO  : ps7_cortexa9_0 Processor is in use. Please stop existing Run or Debug sessions before launching.
10:49:27 INFO  : Processor reset is completed for ps7_cortexa9_0
10:50:30 INFO  : Processor reset is completed for ps7_cortexa9_0
10:52:03 INFO  : ps7_cortexa9_0 Processor is in use. Please stop existing Run or Debug sessions before launching.
10:52:05 INFO  : Processor reset is completed for ps7_cortexa9_0
10:52:38 INFO  : ps7_cortexa9_0 Processor is in use. Please stop existing Run or Debug sessions before launching.
10:52:40 INFO  : Processor reset is completed for ps7_cortexa9_0
10:54:16 INFO  : ps7_cortexa9_0 Processor is in use. Please stop existing Run or Debug sessions before launching.
10:54:18 INFO  : Processor reset is completed for ps7_cortexa9_0
10:58:22 INFO  : ps7_cortexa9_0 Processor is in use. Please stop existing Run or Debug sessions before launching.
10:58:24 INFO  : Processor reset is completed for ps7_cortexa9_0
11:00:36 INFO  : ps7_cortexa9_0 Processor is in use. Please stop existing Run or Debug sessions before launching.
11:00:37 INFO  : Processor reset is completed for ps7_cortexa9_0
11:02:48 INFO  : ps7_cortexa9_0 Processor is in use. Please stop existing Run or Debug sessions before launching.
11:02:51 INFO  : Processor reset is completed for ps7_cortexa9_0
11:05:23 INFO  : Connected to target on host '127.0.0.1' and port '3121'.
11:05:23 INFO  : 'targets -set -filter {jtag_cable_name =~ "Digilent Zybo 210279655982A" && level==0} -index 1' command is executed.
11:05:25 INFO  : FPGA configured successfully with bitstream "D:/git/particle_swarm_optimization_embedded/Assignment4_HW/lab1/lab1.sdk/system_wrapper_hw_platform_0/system_wrapper.bit"
11:05:33 INFO  : Processor reset is completed for ps7_cortexa9_0
11:06:19 INFO  : Processor reset is completed for ps7_cortexa9_0
11:10:28 INFO  : ps7_cortexa9_0 Processor is in use. Please stop existing Run or Debug sessions before launching.
11:10:31 INFO  : Processor reset is completed for ps7_cortexa9_0
11:11:14 INFO  : ps7_cortexa9_0 Processor is in use. Please stop existing Run or Debug sessions before launching.
11:11:16 INFO  : Processor reset is completed for ps7_cortexa9_0
11:11:34 INFO  : ps7_cortexa9_0 Processor is in use. Please stop existing Run or Debug sessions before launching.
11:11:38 INFO  : Processor reset is completed for ps7_cortexa9_0
11:17:37 INFO  : Connected to target on host '127.0.0.1' and port '3121'.
11:17:38 INFO  : 'targets -set -filter {jtag_cable_name =~ "Digilent Zybo 210279655982A" && level==0} -index 1' command is executed.
11:17:39 INFO  : FPGA configured successfully with bitstream "D:/git/particle_swarm_optimization_embedded/Assignment4_HW/lab1/lab1.sdk/system_wrapper_hw_platform_0/system_wrapper.bit"
11:17:49 INFO  : ps7_cortexa9_0 Processor is in use. Please stop existing Run or Debug sessions before launching.
11:17:52 INFO  : Processor reset is completed for ps7_cortexa9_0
11:18:36 INFO  : ps7_cortexa9_0 Processor is in use. Please stop existing Run or Debug sessions before launching.
11:18:38 INFO  : Processor reset is completed for ps7_cortexa9_0
11:19:18 INFO  : Connected to target on host '127.0.0.1' and port '3121'.
11:19:19 INFO  : 'targets -set -filter {jtag_cable_name =~ "Digilent Zybo 210279655982A" && level==0} -index 1' command is executed.
11:19:20 INFO  : FPGA configured successfully with bitstream "D:/git/particle_swarm_optimization_embedded/Assignment4_HW/lab1/lab1.sdk/system_wrapper_hw_platform_0/system_wrapper.bit"
11:19:46 INFO  : ps7_init is completed.
11:19:46 INFO  : ps7_post_config is completed.
11:19:46 INFO  : Processor reset is completed for ps7_cortexa9_0
11:28:00 INFO  : Connected to target on host '127.0.0.1' and port '3121'.
11:28:00 INFO  : 'targets -set -filter {jtag_cable_name =~ "Digilent Zybo 210279655982A" && level==0} -index 1' command is executed.
11:28:01 INFO  : FPGA configured successfully with bitstream "D:/git/particle_swarm_optimization_embedded/Assignment4_HW/lab1/lab1.sdk/system_wrapper_hw_platform_0/system_wrapper.bit"
11:28:12 INFO  : ps7_cortexa9_0 Processor is in use. Please stop existing Run or Debug sessions before launching.
11:28:15 INFO  : Processor reset is completed for ps7_cortexa9_0
11:30:47 INFO  : ps7_cortexa9_0 Processor is in use. Please stop existing Run or Debug sessions before launching.
11:30:49 INFO  : Processor reset is completed for ps7_cortexa9_0
11:38:03 INFO  : ps7_cortexa9_0 Processor is in use. Please stop existing Run or Debug sessions before launching.
11:38:08 INFO  : Processor reset is completed for ps7_cortexa9_0
11:40:12 INFO  : Connected to target on host '127.0.0.1' and port '3121'.
11:40:13 INFO  : 'targets -set -filter {jtag_cable_name =~ "Digilent Zybo 210279655982A" && level==0} -index 1' command is executed.
11:40:14 INFO  : FPGA configured successfully with bitstream "D:/git/particle_swarm_optimization_embedded/Assignment4_HW/lab1/lab1.sdk/system_wrapper_hw_platform_0/system_wrapper.bit"
11:40:24 INFO  : ps7_cortexa9_0 Processor is in use. Please stop existing Run or Debug sessions before launching.
11:40:26 INFO  : Processor reset is completed for ps7_cortexa9_0
11:41:21 INFO  : ps7_cortexa9_0 Processor is in use. Please stop existing Run or Debug sessions before launching.
11:41:23 INFO  : Processor reset is completed for ps7_cortexa9_0
11:49:28 INFO  : Registering command handlers for SDK TCF services
11:49:29 INFO  : Launching XSCT server: xsct.bat -interactive D:\git\particle_swarm_optimization_embedded\Assignment4_HW\lab1\lab1.sdk\temp_xsdb_launch_script.tcl
11:49:36 INFO  : XSCT server has started successfully.
11:49:51 INFO  : Successfully done setting XSCT server connection channel  
11:49:51 INFO  : Processing command line option -hwspec D:/git/particle_swarm_optimization_embedded/Assignment4_HW/lab1/lab1.sdk/system_wrapper.hdf.
11:49:51 INFO  : Successfully done setting SDK workspace  
11:49:52 INFO  : Checking for hwspec changes in the project system_wrapper_hw_platform_2.
11:58:43 INFO  : Registering command handlers for SDK TCF services
11:58:45 INFO  : Launching XSCT server: xsct.bat -interactive D:\git\particle_swarm_optimization_embedded\Assignment4_HW\lab1\lab1.sdk\temp_xsdb_launch_script.tcl
11:58:52 INFO  : XSCT server has started successfully.
11:58:52 INFO  : Successfully done setting XSCT server connection channel  
11:59:02 INFO  : Successfully done setting SDK workspace  
11:59:02 INFO  : Processing command line option -hwspec D:/git/particle_swarm_optimization_embedded/Assignment4_HW/lab1/lab1.sdk/system_wrapper.hdf.
11:59:02 INFO  : Checking for hwspec changes in the project system_wrapper_hw_platform_2.
12:00:34 INFO  : Connected to target on host '127.0.0.1' and port '3121'.
12:00:37 INFO  : 'targets -set -filter {jtag_cable_name =~ "Digilent Zybo 210279655982A" && level==0} -index 1' command is executed.
12:00:38 INFO  : FPGA configured successfully with bitstream "D:/git/particle_swarm_optimization_embedded/Assignment4_HW/lab1/lab1.sdk/system_wrapper_hw_platform_0/system_wrapper.bit"
12:01:11 INFO  : ps7_init is completed.
12:01:11 INFO  : ps7_post_config is completed.
12:01:11 INFO  : Processor reset is completed for ps7_cortexa9_0
12:02:36 INFO  : ps7_cortexa9_0 Processor is in use. Please stop existing Run or Debug sessions before launching.
12:02:37 INFO  : Processor reset is completed for ps7_cortexa9_0
12:03:27 INFO  : ps7_cortexa9_0 Processor is in use. Please stop existing Run or Debug sessions before launching.
12:03:30 INFO  : Processor reset is completed for ps7_cortexa9_0
12:04:44 INFO  : ps7_cortexa9_0 Processor is in use. Please stop existing Run or Debug sessions before launching.
12:04:46 INFO  : Processor reset is completed for ps7_cortexa9_0
12:06:14 INFO  : ps7_cortexa9_0 Processor is in use. Please stop existing Run or Debug sessions before launching.
12:06:16 INFO  : Processor reset is completed for ps7_cortexa9_0
12:07:33 INFO  : ps7_cortexa9_0 Processor is in use. Please stop existing Run or Debug sessions before launching.
12:07:35 INFO  : Processor reset is completed for ps7_cortexa9_0
15:09:11 INFO  : Connected to target on host '127.0.0.1' and port '3121'.
15:09:11 INFO  : 'targets -set -filter {jtag_cable_name =~ "Digilent Zybo 210279655982A" && level==0} -index 1' command is executed.
15:09:12 INFO  : FPGA configured successfully with bitstream "D:/git/particle_swarm_optimization_embedded/Assignment4_HW/lab1/lab1.sdk/system_wrapper_hw_platform_0/system_wrapper.bit"
15:09:43 INFO  : Connected to target on host '127.0.0.1' and port '3121'.
15:09:43 INFO  : 'targets -set -filter {jtag_cable_name =~ "Digilent Zybo 210279655982A" && level==0} -index 1' command is executed.
15:09:44 INFO  : FPGA configured successfully with bitstream "D:/git/particle_swarm_optimization_embedded/Assignment4_HW/lab1/lab1.sdk/system_wrapper_hw_platform_0/system_wrapper.bit"
15:09:54 INFO  : ps7_init is completed.
15:09:54 INFO  : ps7_post_config is completed.
15:09:54 INFO  : Processor reset is completed for ps7_cortexa9_0
15:11:16 INFO  : ps7_cortexa9_0 Processor is in use. Please stop existing Run or Debug sessions before launching.
15:11:18 INFO  : Processor reset is completed for ps7_cortexa9_0
15:13:18 INFO  : ps7_cortexa9_0 Processor is in use. Please stop existing Run or Debug sessions before launching.
15:13:20 INFO  : Processor reset is completed for ps7_cortexa9_0
15:15:19 INFO  : ps7_cortexa9_0 Processor is in use. Please stop existing Run or Debug sessions before launching.
15:15:21 INFO  : Processor reset is completed for ps7_cortexa9_0
15:16:15 INFO  : ps7_cortexa9_0 Processor is in use. Please stop existing Run or Debug sessions before launching.
15:16:18 INFO  : Processor reset is completed for ps7_cortexa9_0
15:19:24 INFO  : Processor reset is completed for ps7_cortexa9_0
15:20:53 INFO  : Processor reset is completed for ps7_cortexa9_0
15:21:28 INFO  : ps7_cortexa9_0 Processor is in use. Please stop existing Run or Debug sessions before launching.
15:21:30 INFO  : Processor reset is completed for ps7_cortexa9_0
15:23:18 INFO  : ps7_cortexa9_0 Processor is in use. Please stop existing Run or Debug sessions before launching.
15:23:20 INFO  : Processor reset is completed for ps7_cortexa9_0
15:24:08 INFO  : ps7_cortexa9_0 Processor is in use. Please stop existing Run or Debug sessions before launching.
15:24:10 INFO  : Processor reset is completed for ps7_cortexa9_0
15:25:08 INFO  : Processor reset is completed for ps7_cortexa9_0
15:42:06 INFO  : ps7_cortexa9_0 Processor is in use. Please stop existing Run or Debug sessions before launching.
15:42:08 INFO  : Processor reset is completed for ps7_cortexa9_0
15:56:12 INFO  : Processor reset is completed for ps7_cortexa9_0
16:04:08 INFO  : Processor reset is completed for ps7_cortexa9_0
16:04:25 INFO  : Processor reset is completed for ps7_cortexa9_0
16:05:53 INFO  : Processor reset is completed for ps7_cortexa9_0
16:06:43 ERROR : Unexpected error while parsing XMD response ?: com.google.gson.JsonSyntaxException: com.google.gson.stream.MalformedJsonException: invalid number or unquoted string near 
16:34:17 INFO  : Registering command handlers for SDK TCF services
16:34:20 INFO  : Launching XSCT server: xsct.bat -interactive D:\git\particle_swarm_optimization_embedded\Assignment4_HW\lab1\lab1.sdk\temp_xsdb_launch_script.tcl
16:34:31 INFO  : XSCT server has started successfully.
16:34:31 INFO  : Successfully done setting XSCT server connection channel  
16:34:37 INFO  : Successfully done setting SDK workspace  
16:34:37 INFO  : Processing command line option -hwspec D:/git/particle_swarm_optimization_embedded/Assignment4_HW/lab1/lab1.sdk/system_wrapper.hdf.
16:34:38 INFO  : Checking for hwspec changes in the project system_wrapper_hw_platform_2.
