

================================================================
== Vivado HLS Report for 'floatPrototypec'
================================================================
* Date:           Thu Dec 13 15:03:12 2018

* Version:        2017.2 (Build 1909853 on Thu Jun 15 18:55:24 MDT 2017)
* Project:        floatPrototype
* Solution:       floatPrototype
* Product family: zynq
* Target device:  xc7z010clg400-1


================================================================
== Performance Estimates
================================================================
+ Timing (ns): 
    * Summary: 
    +--------+-------+----------+------------+
    |  Clock | Target| Estimated| Uncertainty|
    +--------+-------+----------+------------+
    |ap_clk  |  10.00|      5.70|        1.25|
    +--------+-------+----------+------------+

+ Latency (clock cycles): 
    * Summary: 
    +-----+-----+-----+-----+---------+
    |  Latency  |  Interval | Pipeline|
    | min | max | min | max |   Type  |
    +-----+-----+-----+-----+---------+
    |    1|    4|    2|    5|   none  |
    +-----+-----+-----+-----+---------+

    + Detail: 
        * Instance: 
        +------------------------------------+--------------------------+-----+-----+-----+-----+---------+
        |                                    |                          |  Latency  |  Interval | Pipeline|
        |              Instance              |          Module          | min | max | min | max |   Type  |
        +------------------------------------+--------------------------+-----+-----+-----+-----+---------+
        |grp_floatPrototypec_multiply_fu_60  |floatPrototypec_multiply  |    3|    3|    3|    3|   none  |
        +------------------------------------+--------------------------+-----+-----+-----+-----+---------+

        * Loop: 
        N/A



================================================================
== Utilization Estimates
================================================================
* Summary: 
+-----------------+---------+-------+-------+-------+
|       Name      | BRAM_18K| DSP48E|   FF  |  LUT  |
+-----------------+---------+-------+-------+-------+
|DSP              |        -|      -|      -|      -|
|Expression       |        -|      -|      -|      -|
|FIFO             |        -|      -|      -|      -|
|Instance         |        -|      3|    147|    348|
|Memory           |        -|      -|      -|      -|
|Multiplexer      |        -|      -|      -|      -|
|Register         |        -|      -|     32|      -|
+-----------------+---------+-------+-------+-------+
|Total            |        0|      3|    179|    348|
+-----------------+---------+-------+-------+-------+
|Available        |      120|     80|  35200|  17600|
+-----------------+---------+-------+-------+-------+
|Utilization (%)  |        0|      3|   ~0  |      1|
+-----------------+---------+-------+-------+-------+

+ Detail: 
    * Instance: 
    +------------------------------------+--------------------------+---------+-------+-----+-----+
    |              Instance              |          Module          | BRAM_18K| DSP48E|  FF | LUT |
    +------------------------------------+--------------------------+---------+-------+-----+-----+
    |grp_floatPrototypec_multiply_fu_60  |floatPrototypec_multiply  |        0|      3|  147|  348|
    +------------------------------------+--------------------------+---------+-------+-----+-----+
    |Total                               |                          |        0|      3|  147|  348|
    +------------------------------------+--------------------------+---------+-------+-----+-----+

    * DSP48: 
    N/A

    * Memory: 
    N/A

    * FIFO: 
    N/A

    * Expression: 
    N/A

    * Multiplexer: 
    N/A

    * Register: 
    +--------+----+----+-----+-----------+
    |  Name  | FF | LUT| Bits| Const Bits|
    +--------+----+----+-----+-----------+
    |float3  |  32|   0|   32|          0|
    +--------+----+----+-----+-----------+
    |Total   |  32|   0|   32|          0|
    +--------+----+----+-----+-----------+



================================================================
== Interface
================================================================
* Summary: 
+----------+-----+-----+------------+----------------------------------+--------------+
| RTL Ports| Dir | Bits|  Protocol  |           Source Object          |    C Type    |
+----------+-----+-----+------------+----------------------------------+--------------+
|clk       |  in |    1| ap_ctrl_hs | floatPrototypec::floatPrototypec | return value |
|reset     |  in |    1| ap_ctrl_hs | floatPrototypec::floatPrototypec | return value |
|float1    |  in |   32|   ap_none  |              float1              |    pointer   |
|float2    |  in |   32|   ap_none  |              float2              |    pointer   |
|float3    | out |   32|   ap_vld   |              float3              |    pointer   |
+----------+-----+-----+------------+----------------------------------+--------------+

