#-----------------------------------------------------------
# Vivado v2017.2 (64-bit)
# SW Build 1909853 on Thu Jun 15 18:39:09 MDT 2017
# IP Build 1909766 on Thu Jun 15 19:58:00 MDT 2017
# Start of session at: Sat Dec  1 09:22:29 2018
# Process ID: 2844
# Current directory: D:/git/particle_swarm_optimization_embedded/Assignment4_HW/lab1
# Command line: vivado.exe -gui_launcher_event rodinguilauncherevent10756 D:\git\particle_swarm_optimization_embedded\Assignment4_HW\lab1\lab1.xpr
# Log file: D:/git/particle_swarm_optimization_embedded/Assignment4_HW/lab1/vivado.log
# Journal file: D:/git/particle_swarm_optimization_embedded/Assignment4_HW/lab1\vivado.jou
#-----------------------------------------------------------
start_gui
open_project D:/git/particle_swarm_optimization_embedded/Assignment4_HW/lab1/lab1.xpr
INFO: [Project 1-313] Project file moved from 'C:/Users/Entvex/Desktop/Assignment3_HW/lab1' since last save.
Scanning sources...
Finished scanning sources
INFO: [IP_Flow 19-234] Refreshing IP repositories
INFO: [IP_Flow 19-1704] No user IP repositories specified
INFO: [IP_Flow 19-2313] Loaded Vivado IP repository 'D:/Xilinx/Vivado/2017.2/data/ip'.
open_project: Time (s): cpu = 00:00:53 ; elapsed = 00:00:46 . Memory (MB): peak = 816.004 ; gain = 40.188
update_compile_order -fileset sources_1
exit
INFO: [Common 17-206] Exiting Vivado at Sat Dec  1 09:26:08 2018...
